Command line:
   RegShifter_PS_TB_isim_beh.exe
     -simmode  gui
     -simrunnum  0
     -socket  59096

Mon May 03 19:26:23 2021


 Elaboration Time: 0.03125 sec

 Current Memory Usage: 5149.63 Meg

 Total Signals          : 561
 Total Nets             : 134
 Total Signal Drivers   : 71
 Total Blocks           : 130
 Total Primitive Blocks : 65
 Total Processes        : 68
 Total Traceable Variables  : 73
 Total Scalar Nets and Variables : 559
Total Line Count : 247

 Total Simulation Time: 0.859375 sec

 Current Memory Usage: 4992.34 Meg

Mon May 03 19:27:32 2021

