Command line:
   Counter_TB_isim_beh.exe
     -simmode  gui
     -simrunnum  0
     -socket  58724

Mon May 03 18:33:35 2021


 Elaboration Time: 0.03125 sec

 Current Memory Usage: 5149.59 Meg

 Total Signals          : 73
 Total Nets             : 31
 Total Signal Drivers   : 22
 Total Blocks           : 25
 Total Primitive Blocks : 11
 Total Processes        : 21
 Total Traceable Variables  : 22
 Total Scalar Nets and Variables : 405
Total Line Count : 48

 Total Simulation Time: 0.03125 sec

 Current Memory Usage: 5149.59 Meg

Mon May 03 18:33:45 2021

