--------------------------------------------------------------------------------
Release 14.7 Trace  (nt64)
Copyright (c) 1995-2013 Xilinx, Inc.  All rights reserved.

C:\Xilinx\14.7\ISE_DS\ISE\bin\nt64\unwrapped\trce.exe -intstyle ise -v 3 -s 5
-n 3 -fastpaths -xml RCA.twx RCA.ncd -o RCA.twr RCA.pcf

Design file:              RCA.ncd
Physical constraint file: RCA.pcf
Device,package,speed:     xc3s1500,fg320,-5 (PRODUCTION 1.39 2013-10-13)
Report level:             verbose report

Environment Variable      Effect 
--------------------      ------ 
NONE                      No environment variables were set
--------------------------------------------------------------------------------

INFO:Timing:2698 - No timing constraints found, doing default enumeration.
INFO:Timing:3412 - To improve timing, see the Timing Closure User Guide (UG612).
INFO:Timing:2752 - To get complete path coverage, use the unconstrained paths 
   option. All paths that are not constrained will be reported in the 
   unconstrained paths section(s) of the report.
INFO:Timing:3339 - The clock-to-out numbers in this timing report are based on 
   a 50 Ohm transmission line loading model.  For the details of this model, 
   and for more information on accounting for different loading conditions, 
   please see the device datasheet.
INFO:Timing:3390 - This architecture does not support a default System Jitter 
   value, please add SYSTEM_JITTER constraint to the UCF to modify the Clock 
   Uncertainty calculation.
INFO:Timing:3389 - This architecture does not support 'Discrete Jitter' and 
   'Phase Error' calculations, these terms will be zero in the Clock 
   Uncertainty calculation.  Please make appropriate modification to 
   SYSTEM_JITTER to account for the unsupported Discrete Jitter and Phase 
   Error.



Data Sheet report:
-----------------
All values displayed in nanoseconds (ns)

Pad to Pad
---------------+---------------+---------+
Source Pad     |Destination Pad|  Delay  |
---------------+---------------+---------+
C0             |COUT           |   36.987|
C0             |S<0>           |    6.941|
C0             |S<1>           |   11.066|
C0             |S<2>           |   10.614|
C0             |S<3>           |   13.308|
C0             |S<4>           |   13.692|
C0             |S<5>           |   15.142|
C0             |S<6>           |   15.536|
C0             |S<7>           |   16.674|
C0             |S<8>           |   16.778|
C0             |S<9>           |   17.773|
C0             |S<10>          |   18.469|
C0             |S<11>          |   20.054|
C0             |S<12>          |   20.721|
C0             |S<13>          |   21.289|
C0             |S<14>          |   22.954|
C0             |S<15>          |   23.622|
C0             |S<16>          |   23.592|
C0             |S<17>          |   25.939|
C0             |S<18>          |   24.842|
C0             |S<19>          |   25.391|
C0             |S<20>          |   26.501|
C0             |S<21>          |   27.732|
C0             |S<22>          |   27.879|
C0             |S<23>          |   29.756|
C0             |S<24>          |   30.217|
C0             |S<25>          |   31.643|
C0             |S<26>          |   32.767|
C0             |S<27>          |   33.599|
C0             |S<28>          |   33.286|
C0             |S<29>          |   34.158|
C0             |S<30>          |   34.552|
C0             |S<31>          |   37.545|
X<0>           |COUT           |   37.908|
X<0>           |S<0>           |    7.484|
X<0>           |S<1>           |   11.987|
X<0>           |S<2>           |   11.535|
X<0>           |S<3>           |   14.229|
X<0>           |S<4>           |   14.613|
X<0>           |S<5>           |   16.063|
X<0>           |S<6>           |   16.457|
X<0>           |S<7>           |   17.595|
X<0>           |S<8>           |   17.699|
X<0>           |S<9>           |   18.694|
X<0>           |S<10>          |   19.390|
X<0>           |S<11>          |   20.975|
X<0>           |S<12>          |   21.642|
X<0>           |S<13>          |   22.210|
X<0>           |S<14>          |   23.875|
X<0>           |S<15>          |   24.543|
X<0>           |S<16>          |   24.513|
X<0>           |S<17>          |   26.860|
X<0>           |S<18>          |   25.763|
X<0>           |S<19>          |   26.312|
X<0>           |S<20>          |   27.422|
X<0>           |S<21>          |   28.653|
X<0>           |S<22>          |   28.800|
X<0>           |S<23>          |   30.677|
X<0>           |S<24>          |   31.138|
X<0>           |S<25>          |   32.564|
X<0>           |S<26>          |   33.688|
X<0>           |S<27>          |   34.520|
X<0>           |S<28>          |   34.207|
X<0>           |S<29>          |   35.079|
X<0>           |S<30>          |   35.473|
X<0>           |S<31>          |   38.466|
X<1>           |COUT           |   36.695|
X<1>           |S<1>           |   10.235|
X<1>           |S<2>           |   10.322|
X<1>           |S<3>           |   13.016|
X<1>           |S<4>           |   13.400|
X<1>           |S<5>           |   14.850|
X<1>           |S<6>           |   15.244|
X<1>           |S<7>           |   16.382|
X<1>           |S<8>           |   16.486|
X<1>           |S<9>           |   17.481|
X<1>           |S<10>          |   18.177|
X<1>           |S<11>          |   19.762|
X<1>           |S<12>          |   20.429|
X<1>           |S<13>          |   20.997|
X<1>           |S<14>          |   22.662|
X<1>           |S<15>          |   23.330|
X<1>           |S<16>          |   23.300|
X<1>           |S<17>          |   25.647|
X<1>           |S<18>          |   24.550|
X<1>           |S<19>          |   25.099|
X<1>           |S<20>          |   26.209|
X<1>           |S<21>          |   27.440|
X<1>           |S<22>          |   27.587|
X<1>           |S<23>          |   29.464|
X<1>           |S<24>          |   29.925|
X<1>           |S<25>          |   31.351|
X<1>           |S<26>          |   32.475|
X<1>           |S<27>          |   33.307|
X<1>           |S<28>          |   32.994|
X<1>           |S<29>          |   33.866|
X<1>           |S<30>          |   34.260|
X<1>           |S<31>          |   37.253|
X<2>           |COUT           |   35.844|
X<2>           |S<2>           |    8.904|
X<2>           |S<3>           |   12.165|
X<2>           |S<4>           |   12.549|
X<2>           |S<5>           |   13.999|
X<2>           |S<6>           |   14.393|
X<2>           |S<7>           |   15.531|
X<2>           |S<8>           |   15.635|
X<2>           |S<9>           |   16.630|
X<2>           |S<10>          |   17.326|
X<2>           |S<11>          |   18.911|
X<2>           |S<12>          |   19.578|
X<2>           |S<13>          |   20.146|
X<2>           |S<14>          |   21.811|
X<2>           |S<15>          |   22.479|
X<2>           |S<16>          |   22.449|
X<2>           |S<17>          |   24.796|
X<2>           |S<18>          |   23.699|
X<2>           |S<19>          |   24.248|
X<2>           |S<20>          |   25.358|
X<2>           |S<21>          |   26.589|
X<2>           |S<22>          |   26.736|
X<2>           |S<23>          |   28.613|
X<2>           |S<24>          |   29.074|
X<2>           |S<25>          |   30.500|
X<2>           |S<26>          |   31.624|
X<2>           |S<27>          |   32.456|
X<2>           |S<28>          |   32.143|
X<2>           |S<29>          |   33.015|
X<2>           |S<30>          |   33.409|
X<2>           |S<31>          |   36.402|
X<3>           |COUT           |   35.678|
X<3>           |S<3>           |    8.668|
X<3>           |S<4>           |   12.383|
X<3>           |S<5>           |   13.833|
X<3>           |S<6>           |   14.227|
X<3>           |S<7>           |   15.365|
X<3>           |S<8>           |   15.469|
X<3>           |S<9>           |   16.464|
X<3>           |S<10>          |   17.160|
X<3>           |S<11>          |   18.745|
X<3>           |S<12>          |   19.412|
X<3>           |S<13>          |   19.980|
X<3>           |S<14>          |   21.645|
X<3>           |S<15>          |   22.313|
X<3>           |S<16>          |   22.283|
X<3>           |S<17>          |   24.630|
X<3>           |S<18>          |   23.533|
X<3>           |S<19>          |   24.082|
X<3>           |S<20>          |   25.192|
X<3>           |S<21>          |   26.423|
X<3>           |S<22>          |   26.570|
X<3>           |S<23>          |   28.447|
X<3>           |S<24>          |   28.908|
X<3>           |S<25>          |   30.334|
X<3>           |S<26>          |   31.458|
X<3>           |S<27>          |   32.290|
X<3>           |S<28>          |   31.977|
X<3>           |S<29>          |   32.849|
X<3>           |S<30>          |   33.243|
X<3>           |S<31>          |   36.236|
X<4>           |COUT           |   31.792|
X<4>           |S<4>           |    9.331|
X<4>           |S<5>           |    9.947|
X<4>           |S<6>           |   10.341|
X<4>           |S<7>           |   11.479|
X<4>           |S<8>           |   11.583|
X<4>           |S<9>           |   12.578|
X<4>           |S<10>          |   13.274|
X<4>           |S<11>          |   14.859|
X<4>           |S<12>          |   15.526|
X<4>           |S<13>          |   16.094|
X<4>           |S<14>          |   17.759|
X<4>           |S<15>          |   18.427|
X<4>           |S<16>          |   18.397|
X<4>           |S<17>          |   20.744|
X<4>           |S<18>          |   19.647|
X<4>           |S<19>          |   20.196|
X<4>           |S<20>          |   21.306|
X<4>           |S<21>          |   22.537|
X<4>           |S<22>          |   22.684|
X<4>           |S<23>          |   24.561|
X<4>           |S<24>          |   25.022|
X<4>           |S<25>          |   26.448|
X<4>           |S<26>          |   27.572|
X<4>           |S<27>          |   28.404|
X<4>           |S<28>          |   28.091|
X<4>           |S<29>          |   28.963|
X<4>           |S<30>          |   29.357|
X<4>           |S<31>          |   32.350|
X<5>           |COUT           |   31.590|
X<5>           |S<5>           |    9.672|
X<5>           |S<6>           |   10.139|
X<5>           |S<7>           |   11.277|
X<5>           |S<8>           |   11.381|
X<5>           |S<9>           |   12.376|
X<5>           |S<10>          |   13.072|
X<5>           |S<11>          |   14.657|
X<5>           |S<12>          |   15.324|
X<5>           |S<13>          |   15.892|
X<5>           |S<14>          |   17.557|
X<5>           |S<15>          |   18.225|
X<5>           |S<16>          |   18.195|
X<5>           |S<17>          |   20.542|
X<5>           |S<18>          |   19.445|
X<5>           |S<19>          |   19.994|
X<5>           |S<20>          |   21.104|
X<5>           |S<21>          |   22.335|
X<5>           |S<22>          |   22.482|
X<5>           |S<23>          |   24.359|
X<5>           |S<24>          |   24.820|
X<5>           |S<25>          |   26.246|
X<5>           |S<26>          |   27.370|
X<5>           |S<27>          |   28.202|
X<5>           |S<28>          |   27.889|
X<5>           |S<29>          |   28.761|
X<5>           |S<30>          |   29.155|
X<5>           |S<31>          |   32.148|
X<6>           |COUT           |   31.169|
X<6>           |S<6>           |    9.263|
X<6>           |S<7>           |   10.856|
X<6>           |S<8>           |   10.960|
X<6>           |S<9>           |   11.955|
X<6>           |S<10>          |   12.651|
X<6>           |S<11>          |   14.236|
X<6>           |S<12>          |   14.903|
X<6>           |S<13>          |   15.471|
X<6>           |S<14>          |   17.136|
X<6>           |S<15>          |   17.804|
X<6>           |S<16>          |   17.774|
X<6>           |S<17>          |   20.121|
X<6>           |S<18>          |   19.024|
X<6>           |S<19>          |   19.573|
X<6>           |S<20>          |   20.683|
X<6>           |S<21>          |   21.914|
X<6>           |S<22>          |   22.061|
X<6>           |S<23>          |   23.938|
X<6>           |S<24>          |   24.399|
X<6>           |S<25>          |   25.825|
X<6>           |S<26>          |   26.949|
X<6>           |S<27>          |   27.781|
X<6>           |S<28>          |   27.468|
X<6>           |S<29>          |   28.340|
X<6>           |S<30>          |   28.734|
X<6>           |S<31>          |   31.727|
X<7>           |COUT           |   30.633|
X<7>           |S<7>           |    9.327|
X<7>           |S<8>           |   10.424|
X<7>           |S<9>           |   11.419|
X<7>           |S<10>          |   12.115|
X<7>           |S<11>          |   13.700|
X<7>           |S<12>          |   14.367|
X<7>           |S<13>          |   14.935|
X<7>           |S<14>          |   16.600|
X<7>           |S<15>          |   17.268|
X<7>           |S<16>          |   17.238|
X<7>           |S<17>          |   19.585|
X<7>           |S<18>          |   18.488|
X<7>           |S<19>          |   19.037|
X<7>           |S<20>          |   20.147|
X<7>           |S<21>          |   21.378|
X<7>           |S<22>          |   21.525|
X<7>           |S<23>          |   23.402|
X<7>           |S<24>          |   23.863|
X<7>           |S<25>          |   25.289|
X<7>           |S<26>          |   26.413|
X<7>           |S<27>          |   27.245|
X<7>           |S<28>          |   26.932|
X<7>           |S<29>          |   27.804|
X<7>           |S<30>          |   28.198|
X<7>           |S<31>          |   31.191|
X<8>           |COUT           |   29.615|
X<8>           |S<8>           |   10.006|
X<8>           |S<9>           |   10.401|
X<8>           |S<10>          |   11.097|
X<8>           |S<11>          |   12.682|
X<8>           |S<12>          |   13.349|
X<8>           |S<13>          |   13.917|
X<8>           |S<14>          |   15.582|
X<8>           |S<15>          |   16.250|
X<8>           |S<16>          |   16.220|
X<8>           |S<17>          |   18.567|
X<8>           |S<18>          |   17.470|
X<8>           |S<19>          |   18.019|
X<8>           |S<20>          |   19.129|
X<8>           |S<21>          |   20.360|
X<8>           |S<22>          |   20.507|
X<8>           |S<23>          |   22.384|
X<8>           |S<24>          |   22.845|
X<8>           |S<25>          |   24.271|
X<8>           |S<26>          |   25.395|
X<8>           |S<27>          |   26.227|
X<8>           |S<28>          |   25.914|
X<8>           |S<29>          |   26.786|
X<8>           |S<30>          |   27.180|
X<8>           |S<31>          |   30.173|
X<9>           |COUT           |   29.165|
X<9>           |S<9>           |    9.887|
X<9>           |S<10>          |   10.647|
X<9>           |S<11>          |   12.232|
X<9>           |S<12>          |   12.899|
X<9>           |S<13>          |   13.467|
X<9>           |S<14>          |   15.132|
X<9>           |S<15>          |   15.800|
X<9>           |S<16>          |   15.770|
X<9>           |S<17>          |   18.117|
X<9>           |S<18>          |   17.020|
X<9>           |S<19>          |   17.569|
X<9>           |S<20>          |   18.679|
X<9>           |S<21>          |   19.910|
X<9>           |S<22>          |   20.057|
X<9>           |S<23>          |   21.934|
X<9>           |S<24>          |   22.395|
X<9>           |S<25>          |   23.821|
X<9>           |S<26>          |   24.945|
X<9>           |S<27>          |   25.777|
X<9>           |S<28>          |   25.464|
X<9>           |S<29>          |   26.336|
X<9>           |S<30>          |   26.730|
X<9>           |S<31>          |   29.723|
X<10>          |COUT           |   28.955|
X<10>          |S<10>          |   10.649|
X<10>          |S<11>          |   12.022|
X<10>          |S<12>          |   12.689|
X<10>          |S<13>          |   13.257|
X<10>          |S<14>          |   14.922|
X<10>          |S<15>          |   15.590|
X<10>          |S<16>          |   15.560|
X<10>          |S<17>          |   17.907|
X<10>          |S<18>          |   16.810|
X<10>          |S<19>          |   17.359|
X<10>          |S<20>          |   18.469|
X<10>          |S<21>          |   19.700|
X<10>          |S<22>          |   19.847|
X<10>          |S<23>          |   21.724|
X<10>          |S<24>          |   22.185|
X<10>          |S<25>          |   23.611|
X<10>          |S<26>          |   24.735|
X<10>          |S<27>          |   25.567|
X<10>          |S<28>          |   25.254|
X<10>          |S<29>          |   26.126|
X<10>          |S<30>          |   26.520|
X<10>          |S<31>          |   29.513|
X<11>          |COUT           |   27.099|
X<11>          |S<11>          |   10.258|
X<11>          |S<12>          |   10.833|
X<11>          |S<13>          |   11.401|
X<11>          |S<14>          |   13.066|
X<11>          |S<15>          |   13.734|
X<11>          |S<16>          |   13.704|
X<11>          |S<17>          |   16.051|
X<11>          |S<18>          |   14.954|
X<11>          |S<19>          |   15.503|
X<11>          |S<20>          |   16.613|
X<11>          |S<21>          |   17.844|
X<11>          |S<22>          |   17.991|
X<11>          |S<23>          |   19.868|
X<11>          |S<24>          |   20.329|
X<11>          |S<25>          |   21.755|
X<11>          |S<26>          |   22.879|
X<11>          |S<27>          |   23.711|
X<11>          |S<28>          |   23.398|
X<11>          |S<29>          |   24.270|
X<11>          |S<30>          |   24.664|
X<11>          |S<31>          |   27.657|
X<12>          |COUT           |   27.840|
X<12>          |S<12>          |   11.574|
X<12>          |S<13>          |   12.142|
X<12>          |S<14>          |   13.807|
X<12>          |S<15>          |   14.475|
X<12>          |S<16>          |   14.445|
X<12>          |S<17>          |   16.792|
X<12>          |S<18>          |   15.695|
X<12>          |S<19>          |   16.244|
X<12>          |S<20>          |   17.354|
X<12>          |S<21>          |   18.585|
X<12>          |S<22>          |   18.732|
X<12>          |S<23>          |   20.609|
X<12>          |S<24>          |   21.070|
X<12>          |S<25>          |   22.496|
X<12>          |S<26>          |   23.620|
X<12>          |S<27>          |   24.452|
X<12>          |S<28>          |   24.139|
X<12>          |S<29>          |   25.011|
X<12>          |S<30>          |   25.405|
X<12>          |S<31>          |   28.398|
X<13>          |COUT           |   25.253|
X<13>          |S<13>          |    8.623|
X<13>          |S<14>          |   11.220|
X<13>          |S<15>          |   11.888|
X<13>          |S<16>          |   11.858|
X<13>          |S<17>          |   14.205|
X<13>          |S<18>          |   13.108|
X<13>          |S<19>          |   13.657|
X<13>          |S<20>          |   14.767|
X<13>          |S<21>          |   15.998|
X<13>          |S<22>          |   16.145|
X<13>          |S<23>          |   18.022|
X<13>          |S<24>          |   18.483|
X<13>          |S<25>          |   19.909|
X<13>          |S<26>          |   21.033|
X<13>          |S<27>          |   21.865|
X<13>          |S<28>          |   21.552|
X<13>          |S<29>          |   22.424|
X<13>          |S<30>          |   22.818|
X<13>          |S<31>          |   25.811|
X<14>          |COUT           |   24.616|
X<14>          |S<14>          |   10.583|
X<14>          |S<15>          |   11.251|
X<14>          |S<16>          |   11.221|
X<14>          |S<17>          |   13.568|
X<14>          |S<18>          |   12.471|
X<14>          |S<19>          |   13.020|
X<14>          |S<20>          |   14.130|
X<14>          |S<21>          |   15.361|
X<14>          |S<22>          |   15.508|
X<14>          |S<23>          |   17.385|
X<14>          |S<24>          |   17.846|
X<14>          |S<25>          |   19.272|
X<14>          |S<26>          |   20.396|
X<14>          |S<27>          |   21.228|
X<14>          |S<28>          |   20.915|
X<14>          |S<29>          |   21.787|
X<14>          |S<30>          |   22.181|
X<14>          |S<31>          |   25.174|
X<15>          |COUT           |   24.813|
X<15>          |S<15>          |   11.464|
X<15>          |S<16>          |   11.418|
X<15>          |S<17>          |   13.765|
X<15>          |S<18>          |   12.668|
X<15>          |S<19>          |   13.217|
X<15>          |S<20>          |   14.327|
X<15>          |S<21>          |   15.558|
X<15>          |S<22>          |   15.705|
X<15>          |S<23>          |   17.582|
X<15>          |S<24>          |   18.043|
X<15>          |S<25>          |   19.469|
X<15>          |S<26>          |   20.593|
X<15>          |S<27>          |   21.425|
X<15>          |S<28>          |   21.112|
X<15>          |S<29>          |   21.984|
X<15>          |S<30>          |   22.378|
X<15>          |S<31>          |   25.371|
X<16>          |COUT           |   22.944|
X<16>          |S<16>          |   10.078|
X<16>          |S<17>          |   11.896|
X<16>          |S<18>          |   10.799|
X<16>          |S<19>          |   11.348|
X<16>          |S<20>          |   12.458|
X<16>          |S<21>          |   13.689|
X<16>          |S<22>          |   13.836|
X<16>          |S<23>          |   15.713|
X<16>          |S<24>          |   16.174|
X<16>          |S<25>          |   17.600|
X<16>          |S<26>          |   18.724|
X<16>          |S<27>          |   19.556|
X<16>          |S<28>          |   19.243|
X<16>          |S<29>          |   20.115|
X<16>          |S<30>          |   20.509|
X<16>          |S<31>          |   23.502|
X<17>          |COUT           |   22.850|
X<17>          |S<17>          |   11.603|
X<17>          |S<18>          |   10.705|
X<17>          |S<19>          |   11.254|
X<17>          |S<20>          |   12.364|
X<17>          |S<21>          |   13.595|
X<17>          |S<22>          |   13.742|
X<17>          |S<23>          |   15.619|
X<17>          |S<24>          |   16.080|
X<17>          |S<25>          |   17.506|
X<17>          |S<26>          |   18.630|
X<17>          |S<27>          |   19.462|
X<17>          |S<28>          |   19.149|
X<17>          |S<29>          |   20.021|
X<17>          |S<30>          |   20.415|
X<17>          |S<31>          |   23.408|
X<18>          |COUT           |   22.131|
X<18>          |S<18>          |   10.014|
X<18>          |S<19>          |   10.535|
X<18>          |S<20>          |   11.645|
X<18>          |S<21>          |   12.876|
X<18>          |S<22>          |   13.023|
X<18>          |S<23>          |   14.900|
X<18>          |S<24>          |   15.361|
X<18>          |S<25>          |   16.787|
X<18>          |S<26>          |   17.911|
X<18>          |S<27>          |   18.743|
X<18>          |S<28>          |   18.430|
X<18>          |S<29>          |   19.302|
X<18>          |S<30>          |   19.696|
X<18>          |S<31>          |   22.689|
X<19>          |COUT           |   21.300|
X<19>          |S<19>          |    9.323|
X<19>          |S<20>          |   10.814|
X<19>          |S<21>          |   12.045|
X<19>          |S<22>          |   12.192|
X<19>          |S<23>          |   14.069|
X<19>          |S<24>          |   14.530|
X<19>          |S<25>          |   15.956|
X<19>          |S<26>          |   17.080|
X<19>          |S<27>          |   17.912|
X<19>          |S<28>          |   17.599|
X<19>          |S<29>          |   18.471|
X<19>          |S<30>          |   18.865|
X<19>          |S<31>          |   21.858|
X<20>          |COUT           |   19.711|
X<20>          |S<20>          |    9.628|
X<20>          |S<21>          |   10.456|
X<20>          |S<22>          |   10.603|
X<20>          |S<23>          |   12.480|
X<20>          |S<24>          |   12.941|
X<20>          |S<25>          |   14.367|
X<20>          |S<26>          |   15.491|
X<20>          |S<27>          |   16.323|
X<20>          |S<28>          |   16.010|
X<20>          |S<29>          |   16.882|
X<20>          |S<30>          |   17.276|
X<20>          |S<31>          |   20.269|
X<21>          |COUT           |   19.305|
X<21>          |S<21>          |    9.736|
X<21>          |S<22>          |   10.197|
X<21>          |S<23>          |   12.074|
X<21>          |S<24>          |   12.535|
X<21>          |S<25>          |   13.961|
X<21>          |S<26>          |   15.085|
X<21>          |S<27>          |   15.917|
X<21>          |S<28>          |   15.604|
X<21>          |S<29>          |   16.476|
X<21>          |S<30>          |   16.870|
X<21>          |S<31>          |   19.863|
X<22>          |COUT           |   17.840|
X<22>          |S<22>          |    9.818|
X<22>          |S<23>          |   10.609|
X<22>          |S<24>          |   11.070|
X<22>          |S<25>          |   12.496|
X<22>          |S<26>          |   13.620|
X<22>          |S<27>          |   14.452|
X<22>          |S<28>          |   14.139|
X<22>          |S<29>          |   15.011|
X<22>          |S<30>          |   15.405|
X<22>          |S<31>          |   18.398|
X<23>          |COUT           |   18.576|
X<23>          |S<23>          |   10.695|
X<23>          |S<24>          |   11.806|
X<23>          |S<25>          |   13.232|
X<23>          |S<26>          |   14.356|
X<23>          |S<27>          |   15.188|
X<23>          |S<28>          |   14.875|
X<23>          |S<29>          |   15.747|
X<23>          |S<30>          |   16.141|
X<23>          |S<31>          |   19.134|
X<24>          |COUT           |   17.002|
X<24>          |S<24>          |   10.369|
X<24>          |S<25>          |   11.658|
X<24>          |S<26>          |   12.782|
X<24>          |S<27>          |   13.614|
X<24>          |S<28>          |   13.301|
X<24>          |S<29>          |   14.173|
X<24>          |S<30>          |   14.567|
X<24>          |S<31>          |   17.560|
X<25>          |COUT           |   16.022|
X<25>          |S<25>          |   10.507|
X<25>          |S<26>          |   11.802|
X<25>          |S<27>          |   12.634|
X<25>          |S<28>          |   12.321|
X<25>          |S<29>          |   13.193|
X<25>          |S<30>          |   13.587|
X<25>          |S<31>          |   16.580|
X<26>          |COUT           |   15.832|
X<26>          |S<26>          |   10.719|
X<26>          |S<27>          |   12.444|
X<26>          |S<28>          |   12.131|
X<26>          |S<29>          |   13.003|
X<26>          |S<30>          |   13.397|
X<26>          |S<31>          |   16.390|
X<27>          |COUT           |   15.021|
X<27>          |S<27>          |   10.738|
X<27>          |S<28>          |   11.320|
X<27>          |S<29>          |   12.192|
X<27>          |S<30>          |   12.586|
X<27>          |S<31>          |   15.579|
X<28>          |COUT           |   14.353|
X<28>          |S<28>          |   11.055|
X<28>          |S<29>          |   11.524|
X<28>          |S<30>          |   11.918|
X<28>          |S<31>          |   14.911|
X<29>          |COUT           |   13.868|
X<29>          |S<29>          |   10.603|
X<29>          |S<30>          |   11.433|
X<29>          |S<31>          |   14.426|
X<30>          |COUT           |   10.794|
X<30>          |S<30>          |   10.447|
X<30>          |S<31>          |   11.352|
X<31>          |COUT           |    9.892|
X<31>          |S<31>          |    9.983|
Y<0>           |COUT           |   36.745|
Y<0>           |S<0>           |    6.920|
Y<0>           |S<1>           |   10.824|
Y<0>           |S<2>           |   10.372|
Y<0>           |S<3>           |   13.066|
Y<0>           |S<4>           |   13.450|
Y<0>           |S<5>           |   14.900|
Y<0>           |S<6>           |   15.294|
Y<0>           |S<7>           |   16.432|
Y<0>           |S<8>           |   16.536|
Y<0>           |S<9>           |   17.531|
Y<0>           |S<10>          |   18.227|
Y<0>           |S<11>          |   19.812|
Y<0>           |S<12>          |   20.479|
Y<0>           |S<13>          |   21.047|
Y<0>           |S<14>          |   22.712|
Y<0>           |S<15>          |   23.380|
Y<0>           |S<16>          |   23.350|
Y<0>           |S<17>          |   25.697|
Y<0>           |S<18>          |   24.600|
Y<0>           |S<19>          |   25.149|
Y<0>           |S<20>          |   26.259|
Y<0>           |S<21>          |   27.490|
Y<0>           |S<22>          |   27.637|
Y<0>           |S<23>          |   29.514|
Y<0>           |S<24>          |   29.975|
Y<0>           |S<25>          |   31.401|
Y<0>           |S<26>          |   32.525|
Y<0>           |S<27>          |   33.357|
Y<0>           |S<28>          |   33.044|
Y<0>           |S<29>          |   33.916|
Y<0>           |S<30>          |   34.310|
Y<0>           |S<31>          |   37.303|
Y<1>           |COUT           |   36.392|
Y<1>           |S<1>           |    9.884|
Y<1>           |S<2>           |   10.019|
Y<1>           |S<3>           |   12.713|
Y<1>           |S<4>           |   13.097|
Y<1>           |S<5>           |   14.547|
Y<1>           |S<6>           |   14.941|
Y<1>           |S<7>           |   16.079|
Y<1>           |S<8>           |   16.183|
Y<1>           |S<9>           |   17.178|
Y<1>           |S<10>          |   17.874|
Y<1>           |S<11>          |   19.459|
Y<1>           |S<12>          |   20.126|
Y<1>           |S<13>          |   20.694|
Y<1>           |S<14>          |   22.359|
Y<1>           |S<15>          |   23.027|
Y<1>           |S<16>          |   22.997|
Y<1>           |S<17>          |   25.344|
Y<1>           |S<18>          |   24.247|
Y<1>           |S<19>          |   24.796|
Y<1>           |S<20>          |   25.906|
Y<1>           |S<21>          |   27.137|
Y<1>           |S<22>          |   27.284|
Y<1>           |S<23>          |   29.161|
Y<1>           |S<24>          |   29.622|
Y<1>           |S<25>          |   31.048|
Y<1>           |S<26>          |   32.172|
Y<1>           |S<27>          |   33.004|
Y<1>           |S<28>          |   32.691|
Y<1>           |S<29>          |   33.563|
Y<1>           |S<30>          |   33.957|
Y<1>           |S<31>          |   36.950|
Y<2>           |COUT           |   35.392|
Y<2>           |S<2>           |    9.252|
Y<2>           |S<3>           |   11.713|
Y<2>           |S<4>           |   12.097|
Y<2>           |S<5>           |   13.547|
Y<2>           |S<6>           |   13.941|
Y<2>           |S<7>           |   15.079|
Y<2>           |S<8>           |   15.183|
Y<2>           |S<9>           |   16.178|
Y<2>           |S<10>          |   16.874|
Y<2>           |S<11>          |   18.459|
Y<2>           |S<12>          |   19.126|
Y<2>           |S<13>          |   19.694|
Y<2>           |S<14>          |   21.359|
Y<2>           |S<15>          |   22.027|
Y<2>           |S<16>          |   21.997|
Y<2>           |S<17>          |   24.344|
Y<2>           |S<18>          |   23.247|
Y<2>           |S<19>          |   23.796|
Y<2>           |S<20>          |   24.906|
Y<2>           |S<21>          |   26.137|
Y<2>           |S<22>          |   26.284|
Y<2>           |S<23>          |   28.161|
Y<2>           |S<24>          |   28.622|
Y<2>           |S<25>          |   30.048|
Y<2>           |S<26>          |   31.172|
Y<2>           |S<27>          |   32.004|
Y<2>           |S<28>          |   31.691|
Y<2>           |S<29>          |   32.563|
Y<2>           |S<30>          |   32.957|
Y<2>           |S<31>          |   35.950|
Y<3>           |COUT           |   36.476|
Y<3>           |S<3>           |    8.734|
Y<3>           |S<4>           |   13.181|
Y<3>           |S<5>           |   14.631|
Y<3>           |S<6>           |   15.025|
Y<3>           |S<7>           |   16.163|
Y<3>           |S<8>           |   16.267|
Y<3>           |S<9>           |   17.262|
Y<3>           |S<10>          |   17.958|
Y<3>           |S<11>          |   19.543|
Y<3>           |S<12>          |   20.210|
Y<3>           |S<13>          |   20.778|
Y<3>           |S<14>          |   22.443|
Y<3>           |S<15>          |   23.111|
Y<3>           |S<16>          |   23.081|
Y<3>           |S<17>          |   25.428|
Y<3>           |S<18>          |   24.331|
Y<3>           |S<19>          |   24.880|
Y<3>           |S<20>          |   25.990|
Y<3>           |S<21>          |   27.221|
Y<3>           |S<22>          |   27.368|
Y<3>           |S<23>          |   29.245|
Y<3>           |S<24>          |   29.706|
Y<3>           |S<25>          |   31.132|
Y<3>           |S<26>          |   32.256|
Y<3>           |S<27>          |   33.088|
Y<3>           |S<28>          |   32.775|
Y<3>           |S<29>          |   33.647|
Y<3>           |S<30>          |   34.041|
Y<3>           |S<31>          |   37.034|
Y<4>           |COUT           |   31.982|
Y<4>           |S<4>           |    9.083|
Y<4>           |S<5>           |   10.137|
Y<4>           |S<6>           |   10.531|
Y<4>           |S<7>           |   11.669|
Y<4>           |S<8>           |   11.773|
Y<4>           |S<9>           |   12.768|
Y<4>           |S<10>          |   13.464|
Y<4>           |S<11>          |   15.049|
Y<4>           |S<12>          |   15.716|
Y<4>           |S<13>          |   16.284|
Y<4>           |S<14>          |   17.949|
Y<4>           |S<15>          |   18.617|
Y<4>           |S<16>          |   18.587|
Y<4>           |S<17>          |   20.934|
Y<4>           |S<18>          |   19.837|
Y<4>           |S<19>          |   20.386|
Y<4>           |S<20>          |   21.496|
Y<4>           |S<21>          |   22.727|
Y<4>           |S<22>          |   22.874|
Y<4>           |S<23>          |   24.751|
Y<4>           |S<24>          |   25.212|
Y<4>           |S<25>          |   26.638|
Y<4>           |S<26>          |   27.762|
Y<4>           |S<27>          |   28.594|
Y<4>           |S<28>          |   28.281|
Y<4>           |S<29>          |   29.153|
Y<4>           |S<30>          |   29.547|
Y<4>           |S<31>          |   32.540|
Y<5>           |COUT           |   31.857|
Y<5>           |S<5>           |    9.552|
Y<5>           |S<6>           |   10.406|
Y<5>           |S<7>           |   11.544|
Y<5>           |S<8>           |   11.648|
Y<5>           |S<9>           |   12.643|
Y<5>           |S<10>          |   13.339|
Y<5>           |S<11>          |   14.924|
Y<5>           |S<12>          |   15.591|
Y<5>           |S<13>          |   16.159|
Y<5>           |S<14>          |   17.824|
Y<5>           |S<15>          |   18.492|
Y<5>           |S<16>          |   18.462|
Y<5>           |S<17>          |   20.809|
Y<5>           |S<18>          |   19.712|
Y<5>           |S<19>          |   20.261|
Y<5>           |S<20>          |   21.371|
Y<5>           |S<21>          |   22.602|
Y<5>           |S<22>          |   22.749|
Y<5>           |S<23>          |   24.626|
Y<5>           |S<24>          |   25.087|
Y<5>           |S<25>          |   26.513|
Y<5>           |S<26>          |   27.637|
Y<5>           |S<27>          |   28.469|
Y<5>           |S<28>          |   28.156|
Y<5>           |S<29>          |   29.028|
Y<5>           |S<30>          |   29.422|
Y<5>           |S<31>          |   32.415|
Y<6>           |COUT           |   30.607|
Y<6>           |S<6>           |    9.047|
Y<6>           |S<7>           |   10.294|
Y<6>           |S<8>           |   10.398|
Y<6>           |S<9>           |   11.393|
Y<6>           |S<10>          |   12.089|
Y<6>           |S<11>          |   13.674|
Y<6>           |S<12>          |   14.341|
Y<6>           |S<13>          |   14.909|
Y<6>           |S<14>          |   16.574|
Y<6>           |S<15>          |   17.242|
Y<6>           |S<16>          |   17.212|
Y<6>           |S<17>          |   19.559|
Y<6>           |S<18>          |   18.462|
Y<6>           |S<19>          |   19.011|
Y<6>           |S<20>          |   20.121|
Y<6>           |S<21>          |   21.352|
Y<6>           |S<22>          |   21.499|
Y<6>           |S<23>          |   23.376|
Y<6>           |S<24>          |   23.837|
Y<6>           |S<25>          |   25.263|
Y<6>           |S<26>          |   26.387|
Y<6>           |S<27>          |   27.219|
Y<6>           |S<28>          |   26.906|
Y<6>           |S<29>          |   27.778|
Y<6>           |S<30>          |   28.172|
Y<6>           |S<31>          |   31.165|
Y<7>           |COUT           |   30.355|
Y<7>           |S<7>           |    9.580|
Y<7>           |S<8>           |   10.146|
Y<7>           |S<9>           |   11.141|
Y<7>           |S<10>          |   11.837|
Y<7>           |S<11>          |   13.422|
Y<7>           |S<12>          |   14.089|
Y<7>           |S<13>          |   14.657|
Y<7>           |S<14>          |   16.322|
Y<7>           |S<15>          |   16.990|
Y<7>           |S<16>          |   16.960|
Y<7>           |S<17>          |   19.307|
Y<7>           |S<18>          |   18.210|
Y<7>           |S<19>          |   18.759|
Y<7>           |S<20>          |   19.869|
Y<7>           |S<21>          |   21.100|
Y<7>           |S<22>          |   21.247|
Y<7>           |S<23>          |   23.124|
Y<7>           |S<24>          |   23.585|
Y<7>           |S<25>          |   25.011|
Y<7>           |S<26>          |   26.135|
Y<7>           |S<27>          |   26.967|
Y<7>           |S<28>          |   26.654|
Y<7>           |S<29>          |   27.526|
Y<7>           |S<30>          |   27.920|
Y<7>           |S<31>          |   30.913|
Y<8>           |COUT           |   29.151|
Y<8>           |S<8>           |    9.542|
Y<8>           |S<9>           |    9.937|
Y<8>           |S<10>          |   10.633|
Y<8>           |S<11>          |   12.218|
Y<8>           |S<12>          |   12.885|
Y<8>           |S<13>          |   13.453|
Y<8>           |S<14>          |   15.118|
Y<8>           |S<15>          |   15.786|
Y<8>           |S<16>          |   15.756|
Y<8>           |S<17>          |   18.103|
Y<8>           |S<18>          |   17.006|
Y<8>           |S<19>          |   17.555|
Y<8>           |S<20>          |   18.665|
Y<8>           |S<21>          |   19.896|
Y<8>           |S<22>          |   20.043|
Y<8>           |S<23>          |   21.920|
Y<8>           |S<24>          |   22.381|
Y<8>           |S<25>          |   23.807|
Y<8>           |S<26>          |   24.931|
Y<8>           |S<27>          |   25.763|
Y<8>           |S<28>          |   25.450|
Y<8>           |S<29>          |   26.322|
Y<8>           |S<30>          |   26.716|
Y<8>           |S<31>          |   29.709|
Y<9>           |COUT           |   29.450|
Y<9>           |S<9>           |   10.478|
Y<9>           |S<10>          |   10.932|
Y<9>           |S<11>          |   12.517|
Y<9>           |S<12>          |   13.184|
Y<9>           |S<13>          |   13.752|
Y<9>           |S<14>          |   15.417|
Y<9>           |S<15>          |   16.085|
Y<9>           |S<16>          |   16.055|
Y<9>           |S<17>          |   18.402|
Y<9>           |S<18>          |   17.305|
Y<9>           |S<19>          |   17.854|
Y<9>           |S<20>          |   18.964|
Y<9>           |S<21>          |   20.195|
Y<9>           |S<22>          |   20.342|
Y<9>           |S<23>          |   22.219|
Y<9>           |S<24>          |   22.680|
Y<9>           |S<25>          |   24.106|
Y<9>           |S<26>          |   25.230|
Y<9>           |S<27>          |   26.062|
Y<9>           |S<28>          |   25.749|
Y<9>           |S<29>          |   26.621|
Y<9>           |S<30>          |   27.015|
Y<9>           |S<31>          |   30.008|
Y<10>          |COUT           |   27.225|
Y<10>          |S<10>          |    9.170|
Y<10>          |S<11>          |   10.292|
Y<10>          |S<12>          |   10.959|
Y<10>          |S<13>          |   11.527|
Y<10>          |S<14>          |   13.192|
Y<10>          |S<15>          |   13.860|
Y<10>          |S<16>          |   13.830|
Y<10>          |S<17>          |   16.177|
Y<10>          |S<18>          |   15.080|
Y<10>          |S<19>          |   15.629|
Y<10>          |S<20>          |   16.739|
Y<10>          |S<21>          |   17.970|
Y<10>          |S<22>          |   18.117|
Y<10>          |S<23>          |   19.994|
Y<10>          |S<24>          |   20.455|
Y<10>          |S<25>          |   21.881|
Y<10>          |S<26>          |   23.005|
Y<10>          |S<27>          |   23.837|
Y<10>          |S<28>          |   23.524|
Y<10>          |S<29>          |   24.396|
Y<10>          |S<30>          |   24.790|
Y<10>          |S<31>          |   27.783|
Y<11>          |COUT           |   28.794|
Y<11>          |S<11>          |   11.105|
Y<11>          |S<12>          |   12.528|
Y<11>          |S<13>          |   13.096|
Y<11>          |S<14>          |   14.761|
Y<11>          |S<15>          |   15.429|
Y<11>          |S<16>          |   15.399|
Y<11>          |S<17>          |   17.746|
Y<11>          |S<18>          |   16.649|
Y<11>          |S<19>          |   17.198|
Y<11>          |S<20>          |   18.308|
Y<11>          |S<21>          |   19.539|
Y<11>          |S<22>          |   19.686|
Y<11>          |S<23>          |   21.563|
Y<11>          |S<24>          |   22.024|
Y<11>          |S<25>          |   23.450|
Y<11>          |S<26>          |   24.574|
Y<11>          |S<27>          |   25.406|
Y<11>          |S<28>          |   25.093|
Y<11>          |S<29>          |   25.965|
Y<11>          |S<30>          |   26.359|
Y<11>          |S<31>          |   29.352|
Y<12>          |COUT           |   26.899|
Y<12>          |S<12>          |   10.633|
Y<12>          |S<13>          |   11.201|
Y<12>          |S<14>          |   12.866|
Y<12>          |S<15>          |   13.534|
Y<12>          |S<16>          |   13.504|
Y<12>          |S<17>          |   15.851|
Y<12>          |S<18>          |   14.754|
Y<12>          |S<19>          |   15.303|
Y<12>          |S<20>          |   16.413|
Y<12>          |S<21>          |   17.644|
Y<12>          |S<22>          |   17.791|
Y<12>          |S<23>          |   19.668|
Y<12>          |S<24>          |   20.129|
Y<12>          |S<25>          |   21.555|
Y<12>          |S<26>          |   22.679|
Y<12>          |S<27>          |   23.511|
Y<12>          |S<28>          |   23.198|
Y<12>          |S<29>          |   24.070|
Y<12>          |S<30>          |   24.464|
Y<12>          |S<31>          |   27.457|
Y<13>          |COUT           |   25.438|
Y<13>          |S<13>          |    9.613|
Y<13>          |S<14>          |   11.405|
Y<13>          |S<15>          |   12.073|
Y<13>          |S<16>          |   12.043|
Y<13>          |S<17>          |   14.390|
Y<13>          |S<18>          |   13.293|
Y<13>          |S<19>          |   13.842|
Y<13>          |S<20>          |   14.952|
Y<13>          |S<21>          |   16.183|
Y<13>          |S<22>          |   16.330|
Y<13>          |S<23>          |   18.207|
Y<13>          |S<24>          |   18.668|
Y<13>          |S<25>          |   20.094|
Y<13>          |S<26>          |   21.218|
Y<13>          |S<27>          |   22.050|
Y<13>          |S<28>          |   21.737|
Y<13>          |S<29>          |   22.609|
Y<13>          |S<30>          |   23.003|
Y<13>          |S<31>          |   25.996|
Y<14>          |COUT           |   24.735|
Y<14>          |S<14>          |   10.637|
Y<14>          |S<15>          |   11.370|
Y<14>          |S<16>          |   11.340|
Y<14>          |S<17>          |   13.687|
Y<14>          |S<18>          |   12.590|
Y<14>          |S<19>          |   13.139|
Y<14>          |S<20>          |   14.249|
Y<14>          |S<21>          |   15.480|
Y<14>          |S<22>          |   15.627|
Y<14>          |S<23>          |   17.504|
Y<14>          |S<24>          |   17.965|
Y<14>          |S<25>          |   19.391|
Y<14>          |S<26>          |   20.515|
Y<14>          |S<27>          |   21.347|
Y<14>          |S<28>          |   21.034|
Y<14>          |S<29>          |   21.906|
Y<14>          |S<30>          |   22.300|
Y<14>          |S<31>          |   25.293|
Y<15>          |COUT           |   25.020|
Y<15>          |S<15>          |   11.294|
Y<15>          |S<16>          |   11.625|
Y<15>          |S<17>          |   13.972|
Y<15>          |S<18>          |   12.875|
Y<15>          |S<19>          |   13.424|
Y<15>          |S<20>          |   14.534|
Y<15>          |S<21>          |   15.765|
Y<15>          |S<22>          |   15.912|
Y<15>          |S<23>          |   17.789|
Y<15>          |S<24>          |   18.250|
Y<15>          |S<25>          |   19.676|
Y<15>          |S<26>          |   20.800|
Y<15>          |S<27>          |   21.632|
Y<15>          |S<28>          |   21.319|
Y<15>          |S<29>          |   22.191|
Y<15>          |S<30>          |   22.585|
Y<15>          |S<31>          |   25.578|
Y<16>          |COUT           |   23.233|
Y<16>          |S<16>          |    9.966|
Y<16>          |S<17>          |   12.185|
Y<16>          |S<18>          |   11.088|
Y<16>          |S<19>          |   11.637|
Y<16>          |S<20>          |   12.747|
Y<16>          |S<21>          |   13.978|
Y<16>          |S<22>          |   14.125|
Y<16>          |S<23>          |   16.002|
Y<16>          |S<24>          |   16.463|
Y<16>          |S<25>          |   17.889|
Y<16>          |S<26>          |   19.013|
Y<16>          |S<27>          |   19.845|
Y<16>          |S<28>          |   19.532|
Y<16>          |S<29>          |   20.404|
Y<16>          |S<30>          |   20.798|
Y<16>          |S<31>          |   23.791|
Y<17>          |COUT           |   22.690|
Y<17>          |S<17>          |   11.344|
Y<17>          |S<18>          |   10.545|
Y<17>          |S<19>          |   11.094|
Y<17>          |S<20>          |   12.204|
Y<17>          |S<21>          |   13.435|
Y<17>          |S<22>          |   13.582|
Y<17>          |S<23>          |   15.459|
Y<17>          |S<24>          |   15.920|
Y<17>          |S<25>          |   17.346|
Y<17>          |S<26>          |   18.470|
Y<17>          |S<27>          |   19.302|
Y<17>          |S<28>          |   18.989|
Y<17>          |S<29>          |   19.861|
Y<17>          |S<30>          |   20.255|
Y<17>          |S<31>          |   23.248|
Y<18>          |COUT           |   20.670|
Y<18>          |S<18>          |    8.920|
Y<18>          |S<19>          |    9.074|
Y<18>          |S<20>          |   10.184|
Y<18>          |S<21>          |   11.415|
Y<18>          |S<22>          |   11.562|
Y<18>          |S<23>          |   13.439|
Y<18>          |S<24>          |   13.900|
Y<18>          |S<25>          |   15.326|
Y<18>          |S<26>          |   16.450|
Y<18>          |S<27>          |   17.282|
Y<18>          |S<28>          |   16.969|
Y<18>          |S<29>          |   17.841|
Y<18>          |S<30>          |   18.235|
Y<18>          |S<31>          |   21.228|
Y<19>          |COUT           |   22.016|
Y<19>          |S<19>          |   10.004|
Y<19>          |S<20>          |   11.530|
Y<19>          |S<21>          |   12.761|
Y<19>          |S<22>          |   12.908|
Y<19>          |S<23>          |   14.785|
Y<19>          |S<24>          |   15.246|
Y<19>          |S<25>          |   16.672|
Y<19>          |S<26>          |   17.796|
Y<19>          |S<27>          |   18.628|
Y<19>          |S<28>          |   18.315|
Y<19>          |S<29>          |   19.187|
Y<19>          |S<30>          |   19.581|
Y<19>          |S<31>          |   22.574|
Y<20>          |COUT           |   19.279|
Y<20>          |S<20>          |    9.086|
Y<20>          |S<21>          |   10.024|
Y<20>          |S<22>          |   10.171|
Y<20>          |S<23>          |   12.048|
Y<20>          |S<24>          |   12.509|
Y<20>          |S<25>          |   13.935|
Y<20>          |S<26>          |   15.059|
Y<20>          |S<27>          |   15.891|
Y<20>          |S<28>          |   15.578|
Y<20>          |S<29>          |   16.450|
Y<20>          |S<30>          |   16.844|
Y<20>          |S<31>          |   19.837|
Y<21>          |COUT           |   18.642|
Y<21>          |S<21>          |    9.262|
Y<21>          |S<22>          |    9.534|
Y<21>          |S<23>          |   11.411|
Y<21>          |S<24>          |   11.872|
Y<21>          |S<25>          |   13.298|
Y<21>          |S<26>          |   14.422|
Y<21>          |S<27>          |   15.254|
Y<21>          |S<28>          |   14.941|
Y<21>          |S<29>          |   15.813|
Y<21>          |S<30>          |   16.207|
Y<21>          |S<31>          |   19.200|
Y<22>          |COUT           |   18.401|
Y<22>          |S<22>          |   10.180|
Y<22>          |S<23>          |   11.170|
Y<22>          |S<24>          |   11.631|
Y<22>          |S<25>          |   13.057|
Y<22>          |S<26>          |   14.181|
Y<22>          |S<27>          |   15.013|
Y<22>          |S<28>          |   14.700|
Y<22>          |S<29>          |   15.572|
Y<22>          |S<30>          |   15.966|
Y<22>          |S<31>          |   18.959|
Y<23>          |COUT           |   17.330|
Y<23>          |S<23>          |    9.764|
Y<23>          |S<24>          |   10.560|
Y<23>          |S<25>          |   11.986|
Y<23>          |S<26>          |   13.110|
Y<23>          |S<27>          |   13.942|
Y<23>          |S<28>          |   13.629|
Y<23>          |S<29>          |   14.501|
Y<23>          |S<30>          |   14.895|
Y<23>          |S<31>          |   17.888|
Y<24>          |COUT           |   16.911|
Y<24>          |S<24>          |   10.494|
Y<24>          |S<25>          |   11.567|
Y<24>          |S<26>          |   12.691|
Y<24>          |S<27>          |   13.523|
Y<24>          |S<28>          |   13.210|
Y<24>          |S<29>          |   14.082|
Y<24>          |S<30>          |   14.476|
Y<24>          |S<31>          |   17.469|
Y<25>          |COUT           |   16.679|
Y<25>          |S<25>          |   10.866|
Y<25>          |S<26>          |   12.459|
Y<25>          |S<27>          |   13.291|
Y<25>          |S<28>          |   12.978|
Y<25>          |S<29>          |   13.850|
Y<25>          |S<30>          |   14.244|
Y<25>          |S<31>          |   17.237|
Y<26>          |COUT           |   14.444|
Y<26>          |S<26>          |   10.053|
Y<26>          |S<27>          |   11.056|
Y<26>          |S<28>          |   10.743|
Y<26>          |S<29>          |   11.615|
Y<26>          |S<30>          |   12.009|
Y<26>          |S<31>          |   15.002|
Y<27>          |COUT           |   15.417|
Y<27>          |S<27>          |   11.586|
Y<27>          |S<28>          |   11.716|
Y<27>          |S<29>          |   12.588|
Y<27>          |S<30>          |   12.982|
Y<27>          |S<31>          |   15.975|
Y<28>          |COUT           |   14.285|
Y<28>          |S<28>          |   10.877|
Y<28>          |S<29>          |   11.456|
Y<28>          |S<30>          |   11.850|
Y<28>          |S<31>          |   14.843|
Y<29>          |COUT           |   13.934|
Y<29>          |S<29>          |   10.146|
Y<29>          |S<30>          |   11.499|
Y<29>          |S<31>          |   14.492|
Y<30>          |COUT           |   10.179|
Y<30>          |S<30>          |   11.154|
Y<30>          |S<31>          |   10.737|
Y<31>          |COUT           |   10.734|
Y<31>          |S<31>          |   10.121|
---------------+---------------+---------+


Analysis completed Sat May 08 17:45:23 2021 
--------------------------------------------------------------------------------

Trace Settings:
-------------------------
Trace Settings 

Peak Memory Usage: 4518 MB



