Release 14.7 - xst P.20131013 (nt64)
Copyright (c) 1995-2013 Xilinx, Inc.  All rights reserved.
--> Parameter TMPDIR set to xst/projnav.tmp


Total REAL time to Xst completion: 0.00 secs
Total CPU time to Xst completion: 0.20 secs
 
--> Parameter xsthdpdir set to xst


Total REAL time to Xst completion: 0.00 secs
Total CPU time to Xst completion: 0.20 secs
 
--> Reading design: RegShifter_PS.prj

TABLE OF CONTENTS
  1) Synthesis Options Summary
  2) HDL Compilation
  3) Design Hierarchy Analysis
  4) HDL Analysis
  5) HDL Synthesis
     5.1) HDL Synthesis Report
  6) Advanced HDL Synthesis
     6.1) Advanced HDL Synthesis Report
  7) Low Level Synthesis
  8) Partition Report
  9) Final Report
	9.1) Device utilization summary
	9.2) Partition Resource Summary
	9.3) TIMING REPORT


=========================================================================
*                      Synthesis Options Summary                        *
=========================================================================
---- Source Parameters
Input File Name                    : "RegShifter_PS.prj"
Input Format                       : mixed
Ignore Synthesis Constraint File   : NO

---- Target Parameters
Output File Name                   : "RegShifter_PS"
Output Format                      : NGC
Target Device                      : xc3s200-5-pq208

---- Source Options
Top Module Name                    : RegShifter_PS
Automatic FSM Extraction           : YES
FSM Encoding Algorithm             : Auto
Safe Implementation                : No
FSM Style                          : LUT
RAM Extraction                     : Yes
RAM Style                          : Auto
ROM Extraction                     : Yes
Mux Style                          : Auto
Decoder Extraction                 : YES
Priority Encoder Extraction        : Yes
Shift Register Extraction          : YES
Logical Shifter Extraction         : YES
XOR Collapsing                     : YES
ROM Style                          : Auto
Mux Extraction                     : Yes
Resource Sharing                   : YES
Asynchronous To Synchronous        : NO
Multiplier Style                   : Auto
Automatic Register Balancing       : No

---- Target Options
Add IO Buffers                     : YES
Global Maximum Fanout              : 100000
Add Generic Clock Buffer(BUFG)     : 8
Register Duplication               : YES
Slice Packing                      : YES
Optimize Instantiated Primitives   : NO
Use Clock Enable                   : Yes
Use Synchronous Set                : Yes
Use Synchronous Reset              : Yes
Pack IO Registers into IOBs        : Auto
Equivalent register Removal        : YES

---- General Options
Optimization Goal                  : Speed
Optimization Effort                : 1
Keep Hierarchy                     : No
Netlist Hierarchy                  : As_Optimized
RTL Output                         : Yes
Global Optimization                : AllClockNets
Read Cores                         : YES
Write Timing Constraints           : NO
Cross Clock Analysis               : NO
Hierarchy Separator                : /
Bus Delimiter                      : <>
Case Specifier                     : Maintain
Slice Utilization Ratio            : 100
BRAM Utilization Ratio             : 100
Verilog 2001                       : YES
Auto BRAM Packing                  : NO
Slice Utilization Ratio Delta      : 5

=========================================================================


=========================================================================
*                          HDL Compilation                              *
=========================================================================
Compiling vhdl file "C:/Users/Alex/Documents/PF_RL_2021/LongDivisionCircuit/MUX.vhd" in Library work.
Architecture rtl of Entity mux is up to date.
Compiling vhdl file "C:/Users/Alex/Documents/PF_RL_2021/LongDivisionCircuit/FF_D.vhd" in Library work.
Architecture rtl of Entity ff_d is up to date.
Compiling vhdl file "C:/Users/Alex/Documents/PF_RL_2021/LongDivisionCircuit/FF_D_2Input.vhd" in Library work.
Architecture rtl of Entity ff_d_2input is up to date.
Compiling vhdl file "C:/Users/Alex/Documents/PF_RL_2021/LongDivisionCircuit/RegShifter_PS.vhd" in Library work.
Architecture gl of Entity regshifter_ps is up to date.

=========================================================================
*                     Design Hierarchy Analysis                         *
=========================================================================
Analyzing hierarchy for entity <RegShifter_PS> in library <work> (architecture <gl>) with generics.
	n = 32

Analyzing hierarchy for entity <FF_D_2Input> in library <work> (architecture <rtl>).

Analyzing hierarchy for entity <MUX> in library <work> (architecture <rtl>) with generics.
	n = 1

Analyzing hierarchy for entity <FF_D> in library <work> (architecture <rtl>).


=========================================================================
*                            HDL Analysis                               *
=========================================================================
Analyzing generic Entity <RegShifter_PS> in library <work> (Architecture <gl>).
	n = 32
Entity <RegShifter_PS> analyzed. Unit <RegShifter_PS> generated.

Analyzing Entity <FF_D_2Input> in library <work> (Architecture <rtl>).
Entity <FF_D_2Input> analyzed. Unit <FF_D_2Input> generated.

Analyzing generic Entity <MUX> in library <work> (Architecture <rtl>).
	n = 1
Entity <MUX> analyzed. Unit <MUX> generated.

Analyzing Entity <FF_D> in library <work> (Architecture <rtl>).
Entity <FF_D> analyzed. Unit <FF_D> generated.


=========================================================================
*                           HDL Synthesis                               *
=========================================================================

Performing bidirectional port resolution...

Synthesizing Unit <MUX>.
    Related source file is "C:/Users/Alex/Documents/PF_RL_2021/LongDivisionCircuit/MUX.vhd".
Unit <MUX> synthesized.


Synthesizing Unit <FF_D>.
    Related source file is "C:/Users/Alex/Documents/PF_RL_2021/LongDivisionCircuit/FF_D.vhd".
    Found 1-bit register for signal <Q>.
    Summary:
	inferred   1 D-type flip-flop(s).
Unit <FF_D> synthesized.


Synthesizing Unit <FF_D_2Input>.
    Related source file is "C:/Users/Alex/Documents/PF_RL_2021/LongDivisionCircuit/FF_D_2Input.vhd".
Unit <FF_D_2Input> synthesized.


Synthesizing Unit <RegShifter_PS>.
    Related source file is "C:/Users/Alex/Documents/PF_RL_2021/LongDivisionCircuit/RegShifter_PS.vhd".
Unit <RegShifter_PS> synthesized.


=========================================================================
HDL Synthesis Report

Macro Statistics
# Registers                                            : 32
 1-bit register                                        : 32

=========================================================================

=========================================================================
*                       Advanced HDL Synthesis                          *
=========================================================================


=========================================================================
Advanced HDL Synthesis Report

Macro Statistics
# Registers                                            : 32
 Flip-Flops                                            : 32

=========================================================================

=========================================================================
*                         Low Level Synthesis                           *
=========================================================================

Optimizing unit <RegShifter_PS> ...

Mapping all equations...
Building and optimizing final netlist ...
Found area constraint ratio of 100 (+ 5) on block RegShifter_PS, actual ratio is 0.
FlipFlop ff0/ff/Q has been replicated 1 time(s) to handle iob=true attribute.

Final Macro Processing ...

=========================================================================
Final Register Report

Macro Statistics
# Registers                                            : 33
 Flip-Flops                                            : 33

=========================================================================

=========================================================================
*                           Partition Report                            *
=========================================================================

Partition Implementation Status
-------------------------------

  No Partitions were found in this design.

-------------------------------

=========================================================================
*                            Final Report                               *
=========================================================================
Final Results
RTL Top Level Output File Name     : RegShifter_PS.ngr
Top Level Output File Name         : RegShifter_PS
Output Format                      : NGC
Optimization Goal                  : Speed
Keep Hierarchy                     : No

Design Statistics
# IOs                              : 70

Cell Usage :
# BELS                             : 32
#      LUT3                        : 32
# FlipFlops/Latches                : 33
#      FDRE                        : 33
# Clock Buffers                    : 1
#      BUFGP                       : 1
# IO Buffers                       : 69
#      IBUF                        : 36
#      OBUF                        : 33
=========================================================================

Device utilization summary:
---------------------------

Selected Device : 3s200pq208-5 

 Number of Slices:                       18  out of   1920     0%  
 Number of Slice Flip Flops:             32  out of   3840     0%  
 Number of 4 input LUTs:                 32  out of   3840     0%  
 Number of IOs:                          70
 Number of bonded IOBs:                  70  out of    141    49%  
    IOB Flip Flops:                       1
 Number of GCLKs:                         1  out of      8    12%  

---------------------------
Partition Resource Summary:
---------------------------

  No Partitions were found in this design.

---------------------------


=========================================================================
TIMING REPORT

NOTE: THESE TIMING NUMBERS ARE ONLY A SYNTHESIS ESTIMATE.
      FOR ACCURATE TIMING INFORMATION PLEASE REFER TO THE TRACE REPORT
      GENERATED AFTER PLACE-and-ROUTE.

Clock Information:
------------------
-----------------------------------+------------------------+-------+
Clock Signal                       | Clock buffer(FF name)  | Load  |
-----------------------------------+------------------------+-------+
CLK                                | BUFGP                  | 33    |
-----------------------------------+------------------------+-------+

Asynchronous Control Signals Information:
----------------------------------------
No asynchronous control signals found in this design

Timing Summary:
---------------
Speed Grade: -5

   Minimum period: 2.085ns (Maximum Frequency: 479.513MHz)
   Minimum input arrival time before clock: 3.240ns
   Maximum output required time after clock: 6.280ns
   Maximum combinational path delay: No path found

Timing Detail:
--------------
All values displayed in nanoseconds (ns)

=========================================================================
Timing constraint: Default period analysis for Clock 'CLK'
  Clock period: 2.085ns (frequency: 479.513MHz)
  Total number of paths / destination ports: 31 / 31
-------------------------------------------------------------------------
Delay:               2.085ns (Levels of Logic = 1)
  Source:            gen_ff_d[30].ffother/ff/Q (FF)
  Destination:       gen_ff_d[31].ffother/ff/Q (FF)
  Source Clock:      CLK rising
  Destination Clock: CLK rising

  Data Path: gen_ff_d[30].ffother/ff/Q to gen_ff_d[31].ffother/ff/Q
                                Gate     Net
    Cell:in->out      fanout   Delay   Delay  Logical Name (Net Name)
    ----------------------------------------  ------------
     FDRE:C->Q             2   0.626   0.804  gen_ff_d[30].ffother/ff/Q (gen_ff_d[30].ffother/ff/Q)
     LUT3:I2->O            1   0.479   0.000  gen_ff_d[31].ffother/mux_2/Z_0_mux00001 (gen_ff_d[31].ffother/Z_INTERNAL)
     FDRE:D                    0.176          gen_ff_d[31].ffother/ff/Q
    ----------------------------------------
    Total                      2.085ns (1.281ns logic, 0.804ns route)
                                       (61.4% logic, 38.6% route)

=========================================================================
Timing constraint: Default OFFSET IN BEFORE for Clock 'CLK'
  Total number of paths / destination ports: 134 / 99
-------------------------------------------------------------------------
Offset:              3.240ns (Levels of Logic = 2)
  Source:            LD_SH (PAD)
  Destination:       ff0/ff/Q (FF)
  Destination Clock: CLK rising

  Data Path: LD_SH to ff0/ff/Q
                                Gate     Net
    Cell:in->out      fanout   Delay   Delay  Logical Name (Net Name)
    ----------------------------------------  ------------
     IBUF:I->O            32   0.715   1.870  LD_SH_IBUF (LD_SH_IBUF)
     LUT3:I0->O            2   0.479   0.000  ff0/mux_2/Z_0_mux00001 (ff0/Z_INTERNAL)
     FDRE:D                    0.176          ff0/ff/Q
    ----------------------------------------
    Total                      3.240ns (1.370ns logic, 1.870ns route)
                                       (42.3% logic, 57.7% route)

=========================================================================
Timing constraint: Default OFFSET OUT AFTER for Clock 'CLK'
  Total number of paths / destination ports: 33 / 33
-------------------------------------------------------------------------
Offset:              6.280ns (Levels of Logic = 1)
  Source:            gen_ff_d[31].ffother/ff/Q (FF)
  Destination:       SO (PAD)
  Source Clock:      CLK rising

  Data Path: gen_ff_d[31].ffother/ff/Q to SO
                                Gate     Net
    Cell:in->out      fanout   Delay   Delay  Logical Name (Net Name)
    ----------------------------------------  ------------
     FDRE:C->Q             2   0.626   0.745  gen_ff_d[31].ffother/ff/Q (gen_ff_d[31].ffother/ff/Q)
     OBUF:I->O                 4.909          SO_OBUF (SO)
    ----------------------------------------
    Total                      6.280ns (5.535ns logic, 0.745ns route)
                                       (88.1% logic, 11.9% route)

=========================================================================


Total REAL time to Xst completion: 4.00 secs
Total CPU time to Xst completion: 4.17 secs
 
--> 

Total memory usage is 4513168 kilobytes

Number of errors   :    0 (   0 filtered)
Number of warnings :    0 (   0 filtered)
Number of infos    :    0 (   0 filtered)

