Command line:
   CU_TB_isim_beh.exe
     -simmode  gui
     -simrunnum  0
     -socket  58905

Mon May 03 18:55:14 2021


 Elaboration Time: 0.03125 sec

 Current Memory Usage: 5149.64 Meg

 Total Signals          : 89
 Total Nets             : 70
 Total Signal Drivers   : 29
 Total Blocks           : 26
 Total Primitive Blocks : 11
 Total Processes        : 28
 Total Traceable Variables  : 22
 Total Scalar Nets and Variables : 444
Total Line Count : 59

 Total Simulation Time: 0.109375 sec

 Current Memory Usage: 5149.64 Meg

Mon May 03 18:55:18 2021

